2019-11-20 17:11:52.370 INFO  (main) [   ] o.e.j.u.log Logging initialized @930ms to org.eclipse.jetty.util.log.Slf4jLog
2019-11-20 17:11:52.512 WARN  (main) [   ] o.e.j.s.AbstractConnector Ignoring deprecated socket close linger time
2019-11-20 17:11:52.516 INFO  (main) [   ] o.e.j.s.Server jetty-9.4.14.v20181114; built: 2018-11-14T21:20:31.478Z; git: c4550056e785fb5665914545889f21dc136ad9e6; jvm 1.8.0_171-b11
2019-11-20 17:11:52.536 INFO  (main) [   ] o.e.j.d.p.ScanningAppProvider Deployment monitor [file:///Users/snow/Files/Git/Vulenvironment/solr-8.1.1/server/contexts/] at interval 0
2019-11-20 17:11:52.803 INFO  (main) [   ] o.e.j.w.StandardDescriptorProcessor NO JSP Support for /solr, did not find org.apache.jasper.servlet.JspServlet
2019-11-20 17:11:52.814 INFO  (main) [   ] o.e.j.s.session DefaultSessionIdManager workerName=node0
2019-11-20 17:11:52.814 INFO  (main) [   ] o.e.j.s.session No SessionScavenger set, using defaults
2019-11-20 17:11:52.815 INFO  (main) [   ] o.e.j.s.session node0 Scavenging every 660000ms
2019-11-20 17:11:52.883 INFO  (main) [   ] o.a.s.s.SolrDispatchFilter Using logger factory org.apache.logging.slf4j.Log4jLoggerFactory
2019-11-20 17:11:52.887 INFO  (main) [   ] o.a.s.s.SolrDispatchFilter  ___      _       Welcome to Apache Solr™ version 8.1.1
2019-11-20 17:11:52.887 INFO  (main) [   ] o.a.s.s.SolrDispatchFilter / __| ___| |_ _   Starting in standalone mode on port 8983
2019-11-20 17:11:52.887 INFO  (main) [   ] o.a.s.s.SolrDispatchFilter \__ \/ _ \ | '_|  Install dir: /Users/snow/Files/Git/Vulenvironment/solr-8.1.1
2019-11-20 17:11:52.887 INFO  (main) [   ] o.a.s.s.SolrDispatchFilter |___/\___/_|_|    Start time: 2019-11-20T17:11:52.887Z
2019-11-20 17:11:52.907 INFO  (main) [   ] o.a.s.c.SolrResourceLoader Using system property solr.solr.home: /Users/snow/Files/Git/Vulenvironment/solr-8.1.1/server/solr
2019-11-20 17:11:52.919 INFO  (main) [   ] o.a.s.c.SolrXmlConfig Loading container configuration from /Users/snow/Files/Git/Vulenvironment/solr-8.1.1/server/solr/solr.xml
2019-11-20 17:11:52.976 INFO  (main) [   ] o.a.s.c.SolrXmlConfig MBean server found: com.sun.jmx.mbeanserver.JmxMBeanServer@6f94fa3e, but no JMX reporters were configured - adding default JMX reporter.
2019-11-20 17:11:53.410 INFO  (main) [   ] o.a.s.h.c.HttpShardHandlerFactory Host whitelist initialized: WhitelistHostChecker [whitelistHosts=null, whitelistHostCheckingEnabled=true]
2019-11-20 17:11:53.604 WARN  (main) [   ] o.e.j.u.s.S.config No Client EndPointIdentificationAlgorithm configured for SslContextFactory@4879dfad[provider=null,keyStore=null,trustStore=null]
2019-11-20 17:11:53.713 WARN  (main) [   ] o.e.j.u.s.S.config No Client EndPointIdentificationAlgorithm configured for SslContextFactory@74a6a609[provider=null,keyStore=null,trustStore=null]
2019-11-20 17:11:53.882 INFO  (main) [   ] o.a.s.c.TransientSolrCoreCacheDefault Allocating transient cache for 2147483647 transient cores
2019-11-20 17:11:53.884 INFO  (main) [   ] o.a.s.h.a.MetricsHistoryHandler No .system collection, keeping metrics history in memory.
2019-11-20 17:11:53.947 INFO  (main) [   ] o.a.s.m.r.SolrJmxReporter JMX monitoring for 'solr.node' (registry 'solr.node') enabled at server: com.sun.jmx.mbeanserver.JmxMBeanServer@6f94fa3e
2019-11-20 17:11:53.947 INFO  (main) [   ] o.a.s.m.r.SolrJmxReporter JMX monitoring for 'solr.jvm' (registry 'solr.jvm') enabled at server: com.sun.jmx.mbeanserver.JmxMBeanServer@6f94fa3e
2019-11-20 17:11:53.952 INFO  (main) [   ] o.a.s.m.r.SolrJmxReporter JMX monitoring for 'solr.jetty' (registry 'solr.jetty') enabled at server: com.sun.jmx.mbeanserver.JmxMBeanServer@6f94fa3e
2019-11-20 17:11:53.994 INFO  (main) [   ] o.a.s.c.CorePropertiesLocator Found 0 core definitions underneath /Users/snow/Files/Git/Vulenvironment/solr-8.1.1/server/solr
2019-11-20 17:11:54.036 INFO  (main) [   ] o.e.j.s.h.ContextHandler Started o.e.j.w.WebAppContext@6d4e5011{/solr,file:///Users/snow/Files/Git/Vulenvironment/solr-8.1.1/server/solr-webapp/webapp/,AVAILABLE}{/Users/snow/Files/Git/Vulenvironment/solr-8.1.1/server/solr-webapp/webapp}
2019-11-20 17:11:54.049 INFO  (main) [   ] o.e.j.s.AbstractConnector Started ServerConnector@70ab80e3{HTTP/1.1,[http/1.1, h2c]}{0.0.0.0:8983}
2019-11-20 17:11:54.050 INFO  (main) [   ] o.e.j.s.Server Started @2611ms
2019-11-20 17:24:40.369 INFO  (qtp116237769-26) [   ] o.a.s.s.HttpSolrCall [admin] webapp=null path=/admin/cores params={indexInfo=false&wt=json&_=1574270680030} status=0 QTime=51
2019-11-20 17:24:40.401 INFO  (qtp116237769-46) [   ] o.a.s.s.HttpSolrCall [admin] webapp=null path=/admin/info/system params={wt=json&_=1574270680031} status=0 QTime=81
2019-11-20 17:24:40.424 INFO  (qtp116237769-22) [   ] o.a.s.s.HttpSolrCall [admin] webapp=null path=/admin/info/system params={wt=json&_=1574270680031} status=0 QTime=18
